#2026 05 12 06:40:41.796#Z#DEBUG#55b8e0e6-4dcd-11f1-8c96-eeee0a988d4c.app_visitas-srv#flowable-async-job-executor-thread-45008#
[PollStageAppStatusExecution] 932b6826-9b40-4c38-9f9b-93e392238ba8 [2026-05-12T06:33:40.773733] Updated app with guid 932b6826-9b40-4c38-9f9b-93e392238ba8 ({"lifecycle"=>{"data"=>{"buildpacks"=>["nodejs_buildpack"]}, "type"=>"buildpack"}}) (STDOUT, API)#
#2026 05 12 06:40:41.796#Z#DEBUG#55b8e0e6-4dcd-11f1-8c96-eeee0a988d4c.app_visitas-srv#flowable-async-job-executor-thread-45008#
[PollStageAppStatusExecution] 932b6826-9b40-4c38-9f9b-93e392238ba8 [2026-05-12T06:33:40.864151] Updating process: "web" (STDOUT, API)#
#2026 05 12 06:40:41.796#Z#DEBUG#55b8e0e6-4dcd-11f1-8c96-eeee0a988d4c.app_visitas-srv#flowable-async-job-executor-thread-45008#
[PollStageAppStatusExecution] 932b6826-9b40-4c38-9f9b-93e392238ba8 [2026-05-12T06:33:58.677284] Starting app with guid 932b6826-9b40-4c38-9f9b-93e392238ba8 (STDOUT, API)#
#2026 05 12 06:40:41.796#Z#DEBUG#55b8e0e6-4dcd-11f1-8c96-eeee0a988d4c.app_visitas-srv#flowable-async-job-executor-thread-45008#
[PollStageAppStatusExecution] 932b6826-9b40-4c38-9f9b-93e392238ba8 [2026-05-12T06:33:59.007381] Cell 684caff8-89cd-492b-be01-b3d0835f1763 creating container for instance 9112b273-9b23-43b2-4142-7443 (STDOUT, CELL)#
#2026 05 12 06:40:41.796#Z#DEBUG#55b8e0e6-4dcd-11f1-8c96-eeee0a988d4c.app_visitas-srv#flowable-async-job-executor-thread-45008#
[PollStageAppStatusExecution] 932b6826-9b40-4c38-9f9b-93e392238ba8 [2026-05-12T06:33:59.818901] Security group rules were updated (STDOUT, CELL)#
#2026 05 12 06:40:41.796#Z#DEBUG#55b8e0e6-4dcd-11f1-8c96-eeee0a988d4c.app_visitas-srv#flowable-async-job-executor-thread-45008#
[PollStageAppStatusExecution] 932b6826-9b40-4c38-9f9b-93e392238ba8 [2026-05-12T06:33:59.940363] Cell 684caff8-89cd-492b-be01-b3d0835f1763 successfully created container for instance 9112b273-9b23-43b2-4142-7443 (STDOUT, CELL)#
#2026 05 12 06:40:41.796#Z#DEBUG#55b8e0e6-4dcd-11f1-8c96-eeee0a988d4c.app_visitas-srv#flowable-async-job-executor-thread-45008#
[PollStageAppStatusExecution] 932b6826-9b40-4c38-9f9b-93e392238ba8 [2026-05-12T06:34:00.503102] Downloading droplet... (STDOUT, CELL)#
#2026 05 12 06:40:41.796#Z#DEBUG#55b8e0e6-4dcd-11f1-8c96-eeee0a988d4c.app_visitas-srv#flowable-async-job-executor-thread-45008#
[PollStageAppStatusExecution] 932b6826-9b40-4c38-9f9b-93e392238ba8 [2026-05-12T06:34:04.602724] Downloaded droplet (59.1M) (STDOUT, CELL)#
#2026 05 12 06:40:41.796#Z#DEBUG#55b8e0e6-4dcd-11f1-8c96-eeee0a988d4c.app_visitas-srv#flowable-async-job-executor-thread-45008#
[PollStageAppStatusExecution] 932b6826-9b40-4c38-9f9b-93e392238ba8 [2026-05-12T06:34:04.603150] Starting health monitoring of container (STDOUT, CELL)#
#2026 05 12 06:40:41.796#Z#DEBUG#55b8e0e6-4dcd-11f1-8c96-eeee0a988d4c.app_visitas-srv#flowable-async-job-executor-thread-45008#
[PollStageAppStatusExecution] 932b6826-9b40-4c38-9f9b-93e392238ba8 [2026-05-12T06:34:04.737561] Invoking pre-start scripts. (STDOUT, APP/PROC/WEB)#
#2026 05 12 06:40:41.796#Z#DEBUG#55b8e0e6-4dcd-11f1-8c96-eeee0a988d4c.app_visitas-srv#flowable-async-job-executor-thread-45008#
[PollStageAppStatusExecution] 932b6826-9b40-4c38-9f9b-93e392238ba8 [2026-05-12T06:34:04.973651] Invoking start command. (STDOUT, APP/PROC/WEB)#
#2026 05 12 06:40:41.796#Z#DEBUG#55b8e0e6-4dcd-11f1-8c96-eeee0a988d4c.app_visitas-srv#flowable-async-job-executor-thread-45008#
[PollStageAppStatusExecution] 932b6826-9b40-4c38-9f9b-93e392238ba8 [2026-05-12T06:34:05.482467] > app_visitas@1.0.0 start (STDOUT, APP/PROC/WEB)#
#2026 05 12 06:40:41.796#Z#DEBUG#55b8e0e6-4dcd-11f1-8c96-eeee0a988d4c.app_visitas-srv#flowable-async-job-executor-thread-45008#
[PollStageAppStatusExecution] 932b6826-9b40-4c38-9f9b-93e392238ba8 [2026-05-12T06:34:05.482508] > cds-serve (STDOUT, APP/PROC/WEB)#
#2026 05 12 06:40:41.796#Z#DEBUG#55b8e0e6-4dcd-11f1-8c96-eeee0a988d4c.app_visitas-srv#flowable-async-job-executor-thread-45008#
[PollStageAppStatusExecution] 932b6826-9b40-4c38-9f9b-93e392238ba8 [2026-05-12T06:34:05.766180] {"level":"info","logger":"cds","timestamp":"2026-05-12T06:34:05.764Z","layer":"cds","component_type":"application","container_id":"10.32.1.6","component_id":"932b6826-9b40-4c38-9f9b-93e392238ba8","component_name":"app_visitas-srv","component_instance":0,"source_instance":0,"organization_name":"361a1e92trial","organization_id":"60df8de8-9148-44a1-b194-0f58f4a27f03","space_name":"dev","space_id":"64e89d59-7a69-4004-9049-1cc29af9b446","msg":"loaded model from 1 file(s):\n ","type":"log"} (STDOUT, APP/PROC/WEB)#
#2026 05 12 06:40:41.796#Z#DEBUG#55b8e0e6-4dcd-11f1-8c96-eeee0a988d4c.app_visitas-srv#flowable-async-job-executor-thread-45008#
[PollStageAppStatusExecution] 932b6826-9b40-4c38-9f9b-93e392238ba8 [2026-05-12T06:34:05.766825] srv/csn.json (STDOUT, APP/PROC/WEB)#
#2026 05 12 06:40:41.796#Z#DEBUG#55b8e0e6-4dcd-11f1-8c96-eeee0a988d4c.app_visitas-srv#flowable-async-job-executor-thread-45008#
[PollStageAppStatusExecution] 932b6826-9b40-4c38-9f9b-93e392238ba8 [2026-05-12T06:34:05.985183] {"level":"info","logger":"cds","timestamp":"2026-05-12T06:34:05.984Z","layer":"cds","component_type":"application","container_id":"10.32.1.6","component_id":"932b6826-9b40-4c38-9f9b-93e392238ba8","component_name":"app_visitas-srv","component_instance":0,"source_instance":0,"organization_name":"361a1e92trial","organization_id":"60df8de8-9148-44a1-b194-0f58f4a27f03","space_name":"dev","space_id":"64e89d59-7a69-4004-9049-1cc29af9b446","msg":"connect to db > hana {\n  url: 'jdbc:sap://ef8b9e7a-e1ab-4f5a-8c53-14a9500c342b.hna1.prod-us10.hanacloud.ondemand.com:443?encrypt=true&validateCertificate=true&currentschema=14AF1AF15C8F4CF3BC756C708C7DDEBD',\n  database_id: 'ef8b9e7a-e1ab-4f5a-8c53-14a9500c342b',\n  host: 'ef8b9e7a-e1ab-4f5a-8c53-14a9500c342b.hna1.prod-us10.hanacloud.ondemand.com',\n  port: '443',\n  driver: 'com.sap.db.jdbc.Driver',\n  schema: '14AF1AF15C8F4CF3BC756C708C7DDEBD',\n  certificate: '...',\n  hdi_user: '14AF1AF15C8F4CF3BC756C708C7DDEBD_7TS44FS7KK7PH1RSI1SZU6SBI_DT',\n  hdi_password: '...',\n  user: '14AF1AF15C8F4CF3BC756C708C7DDEBD_7TS44FS7KK7PH1RSI1SZU6SBI_RT',\n  password: '...'\n}","type":"log"} (STDOUT, APP/PROC/WEB)#
#2026 05 12 06:40:41.796#Z#DEBUG#55b8e0e6-4dcd-11f1-8c96-eeee0a988d4c.app_visitas-srv#flowable-async-job-executor-thread-45008#
[PollStageAppStatusExecution] 932b6826-9b40-4c38-9f9b-93e392238ba8 [2026-05-12T06:34:05.994122] {"level":"info","logger":"cds","timestamp":"2026-05-12T06:34:05.993Z","layer":"cds","component_type":"application","container_id":"10.32.1.6","component_id":"932b6826-9b40-4c38-9f9b-93e392238ba8","component_name":"app_visitas-srv","component_instance":0,"source_instance":0,"organization_name":"361a1e92trial","organization_id":"60df8de8-9148-44a1-b194-0f58f4a27f03","space_name":"dev","space_id":"64e89d59-7a69-4004-9049-1cc29af9b446","msg":"server listening on { url: 'http://localhost:8080' }","type":"log"} (STDOUT, APP/PROC/WEB)#
#2026 05 12 06:40:41.796#Z#DEBUG#55b8e0e6-4dcd-11f1-8c96-eeee0a988d4c.app_visitas-srv#flowable-async-job-executor-thread-45008#
[PollStageAppStatusExecution] 932b6826-9b40-4c38-9f9b-93e392238ba8 [2026-05-12T06:34:05.995871] {"level":"info","logger":"cds","timestamp":"2026-05-12T06:34:05.995Z","layer":"cds","component_type":"application","container_id":"10.32.1.6","component_id":"932b6826-9b40-4c38-9f9b-93e392238ba8","component_name":"app_visitas-srv","component_instance":0,"source_instance":0,"organization_name":"361a1e92trial","organization_id":"60df8de8-9148-44a1-b194-0f58f4a27f03","space_name":"dev","space_id":"64e89d59-7a69-4004-9049-1cc29af9b446","msg":"server v9.9.1 launched in 501 ms","type":"log"} (STDOUT, APP/PROC/WEB)#
#2026 05 12 06:40:41.796#Z#DEBUG#55b8e0e6-4dcd-11f1-8c96-eeee0a988d4c.app_visitas-srv#flowable-async-job-executor-thread-45008#
[PollStageAppStatusExecution] 932b6826-9b40-4c38-9f9b-93e392238ba8 [2026-05-12T06:34:08.052859] Container became healthy (STDOUT, CELL)#
#2026 05 12 06:40:41.796#Z#DEBUG#55b8e0e6-4dcd-11f1-8c96-eeee0a988d4c.app_visitas-srv#flowable-async-job-executor-thread-45008#
[PollStageAppStatusExecution] 932b6826-9b40-4c38-9f9b-93e392238ba8 [2026-05-12T06:34:08.076831] Process became ready with guid 932b6826-9b40-4c38-9f9b-93e392238ba8 payload: {"instance"=>"9112b273-9b23-43b2-4142-7443", "index"=>0, "cell_id"=>"684caff8-89cd-492b-be01-b3d0835f1763", "ready"=>true, "version"=>"5ceb9bbf-723f-47cd-895e-1ef3cea1ab06"} (STDOUT, API)#
#2026 05 12 06:40:41.796#Z#DEBUG#55b8e0e6-4dcd-11f1-8c96-eeee0a988d4c.app_visitas-srv#flowable-async-job-executor-thread-45008#
[PollStageAppStatusExecution] 932b6826-9b40-4c38-9f9b-93e392238ba8 [2026-05-12T06:39:54.082501] Updated app with guid 932b6826-9b40-4c38-9f9b-93e392238ba8 ({"metadata"=>{"annotations"=>{"mta_id"=>"app_visitas", "mta_version"=>"1.0.0", "mta_module"=>"{\"name\":\"app_visitas-srv\"}", "mta_module_provided_dependencies"=>"[]", "mta_bound_services"=>"[\"app_visitas-auth\",\"app_visitas-hdi\"]"}, "labels"=>{"mta_id"=>"179a44f6c6934e77763497ef4dce27d2"}}}) (STDOUT, API)#
#2026 05 12 06:40:41.796#Z#DEBUG#55b8e0e6-4dcd-11f1-8c96-eeee0a988d4c.app_visitas-srv#flowable-async-job-executor-thread-45008#
[PollStageAppStatusExecution] 932b6826-9b40-4c38-9f9b-93e392238ba8 [2026-05-12T06:39:54.292019] Updated app with guid 932b6826-9b40-4c38-9f9b-93e392238ba8 ({"lifecycle"=>{"data"=>{"buildpacks"=>["nodejs_buildpack"]}, "type"=>"buildpack"}}) (STDOUT, API)#
#2026 05 12 06:40:41.796#Z#DEBUG#55b8e0e6-4dcd-11f1-8c96-eeee0a988d4c.app_visitas-srv#flowable-async-job-executor-thread-45008#
[PollStageAppStatusExecution] 932b6826-9b40-4c38-9f9b-93e392238ba8 [2026-05-12T06:39:54.400174] Updating process: "web" (STDOUT, API)#
#2026 05 12 06:40:41.796#Z#DEBUG#55b8e0e6-4dcd-11f1-8c96-eeee0a988d4c.app_visitas-srv#flowable-async-job-executor-thread-45008#
[PollStageAppStatusExecution] 932b6826-9b40-4c38-9f9b-93e392238ba8 [2026-05-12T06:40:21.868957] Uploading app package for app with guid 932b6826-9b40-4c38-9f9b-93e392238ba8 (STDOUT, API)#
#2026 05 12 06:40:41.796#Z#DEBUG#55b8e0e6-4dcd-11f1-8c96-eeee0a988d4c.app_visitas-srv#flowable-async-job-executor-thread-45008#
[PollStageAppStatusExecution] 932b6826-9b40-4c38-9f9b-93e392238ba8 [2026-05-12T06:40:22.053156] Updated app with guid 932b6826-9b40-4c38-9f9b-93e392238ba8 ({"environment_variables"=>"[PRIVATE DATA HIDDEN]"}) (STDOUT, API)#
#2026 05 12 06:40:41.796#Z#DEBUG#55b8e0e6-4dcd-11f1-8c96-eeee0a988d4c.app_visitas-srv#flowable-async-job-executor-thread-45008#
[PollStageAppStatusExecution] 932b6826-9b40-4c38-9f9b-93e392238ba8 [2026-05-12T06:40:32.089620] Stopping app with guid 932b6826-9b40-4c38-9f9b-93e392238ba8 (STDOUT, API)#
#2026 05 12 06:40:41.796#Z#DEBUG#55b8e0e6-4dcd-11f1-8c96-eeee0a988d4c.app_visitas-srv#flowable-async-job-executor-thread-45008#
[PollStageAppStatusExecution] 932b6826-9b40-4c38-9f9b-93e392238ba8 [2026-05-12T06:40:32.302788] Cell 684caff8-89cd-492b-be01-b3d0835f1763 stopping instance 9112b273-9b23-43b2-4142-7443 (STDOUT, CELL)#
#2026 05 12 06:40:41.796#Z#DEBUG#55b8e0e6-4dcd-11f1-8c96-eeee0a988d4c.app_visitas-srv#flowable-async-job-executor-thread-45008#
[PollStageAppStatusExecution] 932b6826-9b40-4c38-9f9b-93e392238ba8 [2026-05-12T06:40:32.479271] Creating build for app with guid 932b6826-9b40-4c38-9f9b-93e392238ba8 (STDOUT, API)#
#2026 05 12 06:40:41.796#Z#DEBUG#55b8e0e6-4dcd-11f1-8c96-eeee0a988d4c.app_visitas-srv#flowable-async-job-executor-thread-45008#
[PollStageAppStatusExecution] 932b6826-9b40-4c38-9f9b-93e392238ba8 [2026-05-12T06:40:32.856071] Downloading nodejs_buildpack... (STDOUT, STG)#
#2026 05 12 06:40:41.796#Z#DEBUG#55b8e0e6-4dcd-11f1-8c96-eeee0a988d4c.app_visitas-srv#flowable-async-job-executor-thread-45008#
[PollStageAppStatusExecution] 932b6826-9b40-4c38-9f9b-93e392238ba8 [2026-05-12T06:40:32.897936] Downloaded nodejs_buildpack (STDOUT, STG)#
#2026 05 12 06:40:41.796#Z#DEBUG#55b8e0e6-4dcd-11f1-8c96-eeee0a988d4c.app_visitas-srv#flowable-async-job-executor-thread-45008#
[PollStageAppStatusExecution] 932b6826-9b40-4c38-9f9b-93e392238ba8 [2026-05-12T06:40:32.898034] Cell d1cc041a-d5a1-41d6-b9f6-6cda736ce3f0 creating container for instance 5599fadc-1c40-4aab-86e3-9afd7f166fa3 (STDOUT, STG)#
#2026 05 12 06:40:41.796#Z#DEBUG#55b8e0e6-4dcd-11f1-8c96-eeee0a988d4c.app_visitas-srv#flowable-async-job-executor-thread-45008#
[PollStageAppStatusExecution] 932b6826-9b40-4c38-9f9b-93e392238ba8 [2026-05-12T06:40:33.665083] Security group rules were updated (STDOUT, STG)#
#2026 05 12 06:40:41.796#Z#DEBUG#55b8e0e6-4dcd-11f1-8c96-eeee0a988d4c.app_visitas-srv#flowable-async-job-executor-thread-45008#
[PollStageAppStatusExecution] 932b6826-9b40-4c38-9f9b-93e392238ba8 [2026-05-12T06:40:34.024291] Cell d1cc041a-d5a1-41d6-b9f6-6cda736ce3f0 successfully created container for instance 5599fadc-1c40-4aab-86e3-9afd7f166fa3 (STDOUT, STG)#
#2026 05 12 06:40:41.796#Z#DEBUG#55b8e0e6-4dcd-11f1-8c96-eeee0a988d4c.app_visitas-srv#flowable-async-job-executor-thread-45008#
[PollStageAppStatusExecution] 932b6826-9b40-4c38-9f9b-93e392238ba8 [2026-05-12T06:40:35.415983] Downloading build artifacts cache... (STDOUT, STG)#
#2026 05 12 06:40:41.796#Z#DEBUG#55b8e0e6-4dcd-11f1-8c96-eeee0a988d4c.app_visitas-srv#flowable-async-job-executor-thread-45008#
[PollStageAppStatusExecution] 932b6826-9b40-4c38-9f9b-93e392238ba8 [2026-05-12T06:40:35.415984] Downloading app package... (STDOUT, STG)#
#2026 05 12 06:40:41.796#Z#DEBUG#55b8e0e6-4dcd-11f1-8c96-eeee0a988d4c.app_visitas-srv#flowable-async-job-executor-thread-45008#
[PollStageAppStatusExecution] 932b6826-9b40-4c38-9f9b-93e392238ba8 [2026-05-12T06:40:35.513192] Downloaded build artifacts cache (225B) (STDOUT, STG)#
#2026 05 12 06:40:41.796#Z#DEBUG#55b8e0e6-4dcd-11f1-8c96-eeee0a988d4c.app_visitas-srv#flowable-async-job-executor-thread-45008#
[PollStageAppStatusExecution] 932b6826-9b40-4c38-9f9b-93e392238ba8 [2026-05-12T06:40:36.052270] Downloaded app package (3.4M) (STDOUT, STG)#
#2026 05 12 06:40:41.796#Z#DEBUG#55b8e0e6-4dcd-11f1-8c96-eeee0a988d4c.app_visitas-srv#flowable-async-job-executor-thread-45008#
[PollStageAppStatusExecution] 932b6826-9b40-4c38-9f9b-93e392238ba8 [2026-05-12T06:40:36.194714] -----> Nodejs Buildpack version 1.8.44 (STDOUT, STG)#
#2026 05 12 06:40:41.796#Z#DEBUG#55b8e0e6-4dcd-11f1-8c96-eeee0a988d4c.app_visitas-srv#flowable-async-job-executor-thread-45008#
[PollStageAppStatusExecution] 932b6826-9b40-4c38-9f9b-93e392238ba8 [2026-05-12T06:40:36.487218] -----> Bootstrapping python (STDOUT, STG)#
#2026 05 12 06:40:41.796#Z#DEBUG#55b8e0e6-4dcd-11f1-8c96-eeee0a988d4c.app_visitas-srv#flowable-async-job-executor-thread-45008#
[PollStageAppStatusExecution] 932b6826-9b40-4c38-9f9b-93e392238ba8 [2026-05-12T06:40:36.487431] -----> Installing python 3.11.14 (STDOUT, STG)#
#2026 05 12 06:40:41.796#Z#DEBUG#55b8e0e6-4dcd-11f1-8c96-eeee0a988d4c.app_visitas-srv#flowable-async-job-executor-thread-45008#
[PollStageAppStatusExecution] 932b6826-9b40-4c38-9f9b-93e392238ba8 [2026-05-12T06:40:36.487487] Copy [/tmp/buildpacks/978cee5ec9c58000/dependencies/b5e0345ae0ae1932e7d56fffaa49a487/python_3.11.14_linux_x64_cflinuxfs4_66f53248.tgz] (STDOUT, STG)#
#2026 05 12 06:40:51.883#Z#DEBUG#55b8e0e6-4dcd-11f1-8c96-eeee0a988d4c.app_visitas-srv#flowable-async-job-executor-thread-43603#
[PollStageAppStatusExecution] 932b6826-9b40-4c38-9f9b-93e392238ba8 [2026-05-12T06:40:42.110390] -----> Installing binaries (STDOUT, STG)#
#2026 05 12 06:40:51.883#Z#DEBUG#55b8e0e6-4dcd-11f1-8c96-eeee0a988d4c.app_visitas-srv#flowable-async-job-executor-thread-43603#
[PollStageAppStatusExecution] 932b6826-9b40-4c38-9f9b-93e392238ba8 [2026-05-12T06:40:42.110438] engines.node (package.json): >=20 (STDOUT, STG)#
#2026 05 12 06:40:51.883#Z#DEBUG#55b8e0e6-4dcd-11f1-8c96-eeee0a988d4c.app_visitas-srv#flowable-async-job-executor-thread-43603#
[PollStageAppStatusExecution] 932b6826-9b40-4c38-9f9b-93e392238ba8 [2026-05-12T06:40:42.110459] engines.npm (package.json): unspecified (use default) (STDOUT, STG)#
#2026 05 12 06:40:51.883#Z#DEBUG#55b8e0e6-4dcd-11f1-8c96-eeee0a988d4c.app_visitas-srv#flowable-async-job-executor-thread-43603#
[PollStageAppStatusExecution] 932b6826-9b40-4c38-9f9b-93e392238ba8 [2026-05-12T06:40:42.110551] [31;1m**WARNING**[0m Dangerous semver range (>) in engines.node. See: http://docs.cloudfoundry.org/buildpacks/node/node-tips.html (STDOUT, STG)#
#2026 05 12 06:40:51.883#Z#DEBUG#55b8e0e6-4dcd-11f1-8c96-eeee0a988d4c.app_visitas-srv#flowable-async-job-executor-thread-43603#
[PollStageAppStatusExecution] 932b6826-9b40-4c38-9f9b-93e392238ba8 [2026-05-12T06:40:42.110665] -----> Installing node 24.13.0 (STDOUT, STG)#
#2026 05 12 06:40:51.883#Z#DEBUG#55b8e0e6-4dcd-11f1-8c96-eeee0a988d4c.app_visitas-srv#flowable-async-job-executor-thread-43603#
[PollStageAppStatusExecution] 932b6826-9b40-4c38-9f9b-93e392238ba8 [2026-05-12T06:40:42.110985] Copy [/tmp/buildpacks/978cee5ec9c58000/dependencies/2f5692219fecc3eee6e6d507a6bfe7b9/node_24.13.0_linux_x64_cflinuxfs4_a816dee1.tgz] (STDOUT, STG)#
#2026 05 12 06:40:51.883#Z#DEBUG#55b8e0e6-4dcd-11f1-8c96-eeee0a988d4c.app_visitas-srv#flowable-async-job-executor-thread-43603#
[PollStageAppStatusExecution] 932b6826-9b40-4c38-9f9b-93e392238ba8 [2026-05-12T06:40:45.754255] Using default npm version: 11.6.2 (STDOUT, STG)#
#2026 05 12 06:40:51.883#Z#DEBUG#55b8e0e6-4dcd-11f1-8c96-eeee0a988d4c.app_visitas-srv#flowable-async-job-executor-thread-43603#
[PollStageAppStatusExecution] 932b6826-9b40-4c38-9f9b-93e392238ba8 [2026-05-12T06:40:45.754289] -----> Installing yarn 1.22.22 (STDOUT, STG)#
#2026 05 12 06:40:51.883#Z#DEBUG#55b8e0e6-4dcd-11f1-8c96-eeee0a988d4c.app_visitas-srv#flowable-async-job-executor-thread-43603#
[PollStageAppStatusExecution] 932b6826-9b40-4c38-9f9b-93e392238ba8 [2026-05-12T06:40:45.754470] Copy [/tmp/buildpacks/978cee5ec9c58000/dependencies/e3a39aedd1236924d69cc2d0637a8ed2/yarn_1.22.22_linux_noarch_any-stack_4911d0a6.tgz] (STDOUT, STG)#
#2026 05 12 06:40:51.883#Z#DEBUG#55b8e0e6-4dcd-11f1-8c96-eeee0a988d4c.app_visitas-srv#flowable-async-job-executor-thread-43603#
[PollStageAppStatusExecution] 932b6826-9b40-4c38-9f9b-93e392238ba8 [2026-05-12T06:40:46.193274] Installed yarn 1.22.22 (STDOUT, STG)#
#2026 05 12 06:40:51.883#Z#DEBUG#55b8e0e6-4dcd-11f1-8c96-eeee0a988d4c.app_visitas-srv#flowable-async-job-executor-thread-43603#
[PollStageAppStatusExecution] 932b6826-9b40-4c38-9f9b-93e392238ba8 [2026-05-12T06:40:46.193307] -----> Creating runtime environment (STDOUT, STG)#
#2026 05 12 06:40:51.883#Z#DEBUG#55b8e0e6-4dcd-11f1-8c96-eeee0a988d4c.app_visitas-srv#flowable-async-job-executor-thread-43603#
[PollStageAppStatusExecution] 932b6826-9b40-4c38-9f9b-93e392238ba8 [2026-05-12T06:40:46.195369] NODE_ENV=production (STDOUT, STG)#
#2026 05 12 06:40:51.883#Z#DEBUG#55b8e0e6-4dcd-11f1-8c96-eeee0a988d4c.app_visitas-srv#flowable-async-job-executor-thread-43603#
[PollStageAppStatusExecution] 932b6826-9b40-4c38-9f9b-93e392238ba8 [2026-05-12T06:40:46.195492] NODE_HOME=/tmp/contents3685089857/deps/0/node (STDOUT, STG)#
#2026 05 12 06:40:51.883#Z#DEBUG#55b8e0e6-4dcd-11f1-8c96-eeee0a988d4c.app_visitas-srv#flowable-async-job-executor-thread-43603#
[PollStageAppStatusExecution] 932b6826-9b40-4c38-9f9b-93e392238ba8 [2026-05-12T06:40:46.195513] NODE_MODULES_CACHE=true (STDOUT, STG)#
#2026 05 12 06:40:51.883#Z#DEBUG#55b8e0e6-4dcd-11f1-8c96-eeee0a988d4c.app_visitas-srv#flowable-async-job-executor-thread-43603#
[PollStageAppStatusExecution] 932b6826-9b40-4c38-9f9b-93e392238ba8 [2026-05-12T06:40:46.195551] NODE_VERBOSE=false (STDOUT, STG)#
#2026 05 12 06:40:51.883#Z#DEBUG#55b8e0e6-4dcd-11f1-8c96-eeee0a988d4c.app_visitas-srv#flowable-async-job-executor-thread-43603#
[PollStageAppStatusExecution] 932b6826-9b40-4c38-9f9b-93e392238ba8 [2026-05-12T06:40:46.195638] NPM_CONFIG_LOGLEVEL=error (STDOUT, STG)#
#2026 05 12 06:40:51.883#Z#DEBUG#55b8e0e6-4dcd-11f1-8c96-eeee0a988d4c.app_visitas-srv#flowable-async-job-executor-thread-43603#
[PollStageAppStatusExecution] 932b6826-9b40-4c38-9f9b-93e392238ba8 [2026-05-12T06:40:46.195683] NPM_CONFIG_PRODUCTION=true (STDOUT, STG)#
#2026 05 12 06:40:51.883#Z#DEBUG#55b8e0e6-4dcd-11f1-8c96-eeee0a988d4c.app_visitas-srv#flowable-async-job-executor-thread-43603#
[PollStageAppStatusExecution] 932b6826-9b40-4c38-9f9b-93e392238ba8 [2026-05-12T06:40:46.195742] -----> Building dependencies (STDOUT, STG)#
#2026 05 12 06:40:51.883#Z#DEBUG#55b8e0e6-4dcd-11f1-8c96-eeee0a988d4c.app_visitas-srv#flowable-async-job-executor-thread-43603#
[PollStageAppStatusExecution] 932b6826-9b40-4c38-9f9b-93e392238ba8 [2026-05-12T06:40:46.195790] Prebuild detected (node_modules already exists) (STDOUT, STG)#
#2026 05 12 06:40:51.883#Z#DEBUG#55b8e0e6-4dcd-11f1-8c96-eeee0a988d4c.app_visitas-srv#flowable-async-job-executor-thread-43603#
[PollStageAppStatusExecution] 932b6826-9b40-4c38-9f9b-93e392238ba8 [2026-05-12T06:40:46.195850] Rebuilding any native modules (STDOUT, STG)#
#2026 05 12 06:40:51.883#Z#DEBUG#55b8e0e6-4dcd-11f1-8c96-eeee0a988d4c.app_visitas-srv#flowable-async-job-executor-thread-43603#
[PollStageAppStatusExecution] 932b6826-9b40-4c38-9f9b-93e392238ba8 [2026-05-12T06:40:47.115056] rebuilt dependencies successfully (STDOUT, STG)#
#2026 05 12 06:40:51.883#Z#DEBUG#55b8e0e6-4dcd-11f1-8c96-eeee0a988d4c.app_visitas-srv#flowable-async-job-executor-thread-43603#
[PollStageAppStatusExecution] 932b6826-9b40-4c38-9f9b-93e392238ba8 [2026-05-12T06:40:47.117185] npm notice (STDOUT, STG)#
#2026 05 12 06:40:51.883#Z#DEBUG#55b8e0e6-4dcd-11f1-8c96-eeee0a988d4c.app_visitas-srv#flowable-async-job-executor-thread-43603#
[PollStageAppStatusExecution] 932b6826-9b40-4c38-9f9b-93e392238ba8 [2026-05-12T06:40:47.117211] npm notice New minor version of npm available! 11.6.2 -> 11.14.1 (STDOUT, STG)#
#2026 05 12 06:40:51.883#Z#DEBUG#55b8e0e6-4dcd-11f1-8c96-eeee0a988d4c.app_visitas-srv#flowable-async-job-executor-thread-43603#
[PollStageAppStatusExecution] 932b6826-9b40-4c38-9f9b-93e392238ba8 [2026-05-12T06:40:47.117216] npm notice Changelog: https://github.com/npm/cli/releases/tag/v11.14.1 (STDOUT, STG)#
#2026 05 12 06:40:51.883#Z#DEBUG#55b8e0e6-4dcd-11f1-8c96-eeee0a988d4c.app_visitas-srv#flowable-async-job-executor-thread-43603#
[PollStageAppStatusExecution] 932b6826-9b40-4c38-9f9b-93e392238ba8 [2026-05-12T06:40:47.117220] npm notice To update run: npm install -g npm@11.14.1 (STDOUT, STG)#
#2026 05 12 06:40:51.883#Z#DEBUG#55b8e0e6-4dcd-11f1-8c96-eeee0a988d4c.app_visitas-srv#flowable-async-job-executor-thread-43603#
[PollStageAppStatusExecution] 932b6826-9b40-4c38-9f9b-93e392238ba8 [2026-05-12T06:40:47.117247] npm notice (STDOUT, STG)#
#2026 05 12 06:40:51.883#Z#DEBUG#55b8e0e6-4dcd-11f1-8c96-eeee0a988d4c.app_visitas-srv#flowable-async-job-executor-thread-43603#
[PollStageAppStatusExecution] 932b6826-9b40-4c38-9f9b-93e392238ba8 [2026-05-12T06:40:47.194789] Installing any new modules (package.json + package-lock.json) (STDOUT, STG)#
#2026 05 12 06:40:51.883#Z#DEBUG#55b8e0e6-4dcd-11f1-8c96-eeee0a988d4c.app_visitas-srv#flowable-async-job-executor-thread-43603#
[PollStageAppStatusExecution] 932b6826-9b40-4c38-9f9b-93e392238ba8 [2026-05-12T06:40:48.018370] up to date in 724ms (STDOUT, STG)#
#2026 05 12 06:40:51.883#Z#DEBUG#55b8e0e6-4dcd-11f1-8c96-eeee0a988d4c.app_visitas-srv#flowable-async-job-executor-thread-43603#
[PollStageAppStatusExecution] 932b6826-9b40-4c38-9f9b-93e392238ba8 [2026-05-12T06:40:48.018582] 25 packages are looking for funding (STDOUT, STG)#
#2026 05 12 06:40:51.883#Z#DEBUG#55b8e0e6-4dcd-11f1-8c96-eeee0a988d4c.app_visitas-srv#flowable-async-job-executor-thread-43603#
[PollStageAppStatusExecution] 932b6826-9b40-4c38-9f9b-93e392238ba8 [2026-05-12T06:40:48.018680] run `npm fund` for details (STDOUT, STG)#
#2026 05 12 06:40:51.883#Z#DEBUG#55b8e0e6-4dcd-11f1-8c96-eeee0a988d4c.app_visitas-srv#flowable-async-job-executor-thread-43603#
[PollStageAppStatusExecution] 932b6826-9b40-4c38-9f9b-93e392238ba8 [2026-05-12T06:40:48.918433] Contrast Security no credentials found. Will not write environment files. (STDOUT, STG)#
#2026 05 12 06:41:01.985#Z#DEBUG#55b8e0e6-4dcd-11f1-8c96-eeee0a988d4c.app_visitas-srv#flowable-async-job-executor-thread-45027#
[PollStageAppStatusExecution] 932b6826-9b40-4c38-9f9b-93e392238ba8 [2026-05-12T06:41:00.677498] Exit status 0 (STDOUT, STG)#
#2026 05 12 06:41:01.985#Z#DEBUG#55b8e0e6-4dcd-11f1-8c96-eeee0a988d4c.app_visitas-srv#flowable-async-job-executor-thread-45027#
[PollStageAppStatusExecution] 932b6826-9b40-4c38-9f9b-93e392238ba8 [2026-05-12T06:41:00.677577] Uploading droplet, build artifacts cache... (STDOUT, STG)#
#2026 05 12 06:41:01.985#Z#DEBUG#55b8e0e6-4dcd-11f1-8c96-eeee0a988d4c.app_visitas-srv#flowable-async-job-executor-thread-45027#
[PollStageAppStatusExecution] 932b6826-9b40-4c38-9f9b-93e392238ba8 [2026-05-12T06:41:00.677644] Uploading droplet... (STDOUT, STG)#
#2026 05 12 06:41:01.985#Z#DEBUG#55b8e0e6-4dcd-11f1-8c96-eeee0a988d4c.app_visitas-srv#flowable-async-job-executor-thread-45027#
[PollStageAppStatusExecution] 932b6826-9b40-4c38-9f9b-93e392238ba8 [2026-05-12T06:41:00.678034] Uploading build artifacts cache... (STDOUT, STG)#
#2026 05 12 06:41:01.985#Z#DEBUG#55b8e0e6-4dcd-11f1-8c96-eeee0a988d4c.app_visitas-srv#flowable-async-job-executor-thread-45027#
[PollStageAppStatusExecution] 932b6826-9b40-4c38-9f9b-93e392238ba8 [2026-05-12T06:41:00.702982] Uploaded build artifacts cache (225B) (STDOUT, STG)#
#2026 05 12 06:41:01.985#Z#DEBUG#55b8e0e6-4dcd-11f1-8c96-eeee0a988d4c.app_visitas-srv#flowable-async-job-executor-thread-45027#
[PollStageAppStatusExecution] 932b6826-9b40-4c38-9f9b-93e392238ba8 [2026-05-12T06:41:01.493216] Creating droplet for app with guid 932b6826-9b40-4c38-9f9b-93e392238ba8 (STDOUT, API)#
#2026 05 12 06:41:12.160#Z#DEBUG#55b8e0e6-4dcd-11f1-8c96-eeee0a988d4c.app_visitas-srv#flowable-async-job-executor-thread-43616#
[PollStageAppStatusExecution] 932b6826-9b40-4c38-9f9b-93e392238ba8 [2026-05-12T06:41:04.557574] Uploaded droplet (59.1M) (STDOUT, STG)#
#2026 05 12 06:41:12.160#Z#DEBUG#55b8e0e6-4dcd-11f1-8c96-eeee0a988d4c.app_visitas-srv#flowable-async-job-executor-thread-43616#
[PollStageAppStatusExecution] 932b6826-9b40-4c38-9f9b-93e392238ba8 [2026-05-12T06:41:04.580381] Uploading complete (STDOUT, STG)#
#2026 05 12 06:41:12.160#Z#DEBUG#55b8e0e6-4dcd-11f1-8c96-eeee0a988d4c.app_visitas-srv#flowable-async-job-executor-thread-43616#
[PollStageAppStatusExecution] 932b6826-9b40-4c38-9f9b-93e392238ba8 [2026-05-12T06:41:05.183448] Cell d1cc041a-d5a1-41d6-b9f6-6cda736ce3f0 stopping instance 5599fadc-1c40-4aab-86e3-9afd7f166fa3 (STDOUT, STG)#
#2026 05 12 06:41:12.160#Z#DEBUG#55b8e0e6-4dcd-11f1-8c96-eeee0a988d4c.app_visitas-srv#flowable-async-job-executor-thread-43616#
[PollStageAppStatusExecution] 932b6826-9b40-4c38-9f9b-93e392238ba8 [2026-05-12T06:41:05.183509] Cell d1cc041a-d5a1-41d6-b9f6-6cda736ce3f0 destroying container for instance 5599fadc-1c40-4aab-86e3-9afd7f166fa3 (STDOUT, STG)#
#2026 05 12 06:41:12.160#Z#DEBUG#55b8e0e6-4dcd-11f1-8c96-eeee0a988d4c.app_visitas-srv#flowable-async-job-executor-thread-43616#
[PollStageAppStatusExecution] 932b6826-9b40-4c38-9f9b-93e392238ba8 [2026-05-12T06:41:05.235625] Staging complete for build 5599fadc-1c40-4aab-86e3-9afd7f166fa3 (STDOUT, API)#
#2026 05 12 06:41:12.160#Z#DEBUG#55b8e0e6-4dcd-11f1-8c96-eeee0a988d4c.app_visitas-srv#flowable-async-job-executor-thread-43616#
[PollStageAppStatusExecution] 932b6826-9b40-4c38-9f9b-93e392238ba8 [2026-05-12T06:41:08.662962] Cell d1cc041a-d5a1-41d6-b9f6-6cda736ce3f0 successfully destroyed container for instance 5599fadc-1c40-4aab-86e3-9afd7f166fa3 (STDOUT, STG)#
#2026 05 12 06:41:22.215#Z#DEBUG#55b8e0e6-4dcd-11f1-8c96-eeee0a988d4c.app_visitas-srv#flowable-async-job-executor-thread-43627#
[PollStartAppStatusExecution] 932b6826-9b40-4c38-9f9b-93e392238ba8 [2026-05-12T06:41:12.226599] Updated app with guid 932b6826-9b40-4c38-9f9b-93e392238ba8 ({:droplet_guid=>"07e39e19-a9bb-4b5e-806e-438a729ac3b9"}) (STDOUT, API)#
#2026 05 12 06:41:22.215#Z#DEBUG#55b8e0e6-4dcd-11f1-8c96-eeee0a988d4c.app_visitas-srv#flowable-async-job-executor-thread-43627#
[PollStartAppStatusExecution] 932b6826-9b40-4c38-9f9b-93e392238ba8 [2026-05-12T06:41:12.450926] Creating revision for app with guid 932b6826-9b40-4c38-9f9b-93e392238ba8 (STDOUT, API)#
#2026 05 12 06:41:22.215#Z#DEBUG#55b8e0e6-4dcd-11f1-8c96-eeee0a988d4c.app_visitas-srv#flowable-async-job-executor-thread-43627#
[PollStartAppStatusExecution] 932b6826-9b40-4c38-9f9b-93e392238ba8 [2026-05-12T06:41:12.493034] Starting app with guid 932b6826-9b40-4c38-9f9b-93e392238ba8 (STDOUT, API)#
#2026 05 12 06:41:22.215#Z#DEBUG#55b8e0e6-4dcd-11f1-8c96-eeee0a988d4c.app_visitas-srv#flowable-async-job-executor-thread-43627#
[PollStartAppStatusExecution] 932b6826-9b40-4c38-9f9b-93e392238ba8 [2026-05-12T06:41:12.730985] Cell d1cc041a-d5a1-41d6-b9f6-6cda736ce3f0 creating container for instance c49d05e7-0573-490a-656c-79b8 (STDOUT, CELL)#
#2026 05 12 06:41:22.215#Z#DEBUG#55b8e0e6-4dcd-11f1-8c96-eeee0a988d4c.app_visitas-srv#flowable-async-job-executor-thread-43627#
[PollStartAppStatusExecution] 932b6826-9b40-4c38-9f9b-93e392238ba8 [2026-05-12T06:41:13.551382] Security group rules were updated (STDOUT, CELL)#
#2026 05 12 06:41:22.215#Z#DEBUG#55b8e0e6-4dcd-11f1-8c96-eeee0a988d4c.app_visitas-srv#flowable-async-job-executor-thread-43627#
[PollStartAppStatusExecution] 932b6826-9b40-4c38-9f9b-93e392238ba8 [2026-05-12T06:41:13.631584] Cell d1cc041a-d5a1-41d6-b9f6-6cda736ce3f0 successfully created container for instance c49d05e7-0573-490a-656c-79b8 (STDOUT, CELL)#
#2026 05 12 06:41:22.215#Z#DEBUG#55b8e0e6-4dcd-11f1-8c96-eeee0a988d4c.app_visitas-srv#flowable-async-job-executor-thread-43627#
[PollStartAppStatusExecution] 932b6826-9b40-4c38-9f9b-93e392238ba8 [2026-05-12T06:41:15.059554] Downloading droplet... (STDOUT, CELL)#
#2026 05 12 06:41:22.215#Z#DEBUG#55b8e0e6-4dcd-11f1-8c96-eeee0a988d4c.app_visitas-srv#flowable-async-job-executor-thread-43627#
[PollStartAppStatusExecution] 932b6826-9b40-4c38-9f9b-93e392238ba8 [2026-05-12T06:41:19.213051] Downloaded droplet (59.1M) (STDOUT, CELL)#
#2026 05 12 06:41:22.215#Z#DEBUG#55b8e0e6-4dcd-11f1-8c96-eeee0a988d4c.app_visitas-srv#flowable-async-job-executor-thread-43627#
[PollStartAppStatusExecution] 932b6826-9b40-4c38-9f9b-93e392238ba8 [2026-05-12T06:41:19.213470] Starting health monitoring of container (STDOUT, CELL)#
#2026 05 12 06:41:22.215#Z#DEBUG#55b8e0e6-4dcd-11f1-8c96-eeee0a988d4c.app_visitas-srv#flowable-async-job-executor-thread-43627#
[PollStartAppStatusExecution] 932b6826-9b40-4c38-9f9b-93e392238ba8 [2026-05-12T06:41:19.351993] Invoking pre-start scripts. (STDOUT, APP/PROC/WEB)#
#2026 05 12 06:41:22.215#Z#DEBUG#55b8e0e6-4dcd-11f1-8c96-eeee0a988d4c.app_visitas-srv#flowable-async-job-executor-thread-43627#
[PollStartAppStatusExecution] 932b6826-9b40-4c38-9f9b-93e392238ba8 [2026-05-12T06:41:19.628871] Invoking start command. (STDOUT, APP/PROC/WEB)#
#2026 05 12 06:41:22.215#Z#DEBUG#55b8e0e6-4dcd-11f1-8c96-eeee0a988d4c.app_visitas-srv#flowable-async-job-executor-thread-43627#
[PollStartAppStatusExecution] 932b6826-9b40-4c38-9f9b-93e392238ba8 [2026-05-12T06:41:20.180766] > app_visitas@1.0.0 start (STDOUT, APP/PROC/WEB)#
#2026 05 12 06:41:22.215#Z#DEBUG#55b8e0e6-4dcd-11f1-8c96-eeee0a988d4c.app_visitas-srv#flowable-async-job-executor-thread-43627#
[PollStartAppStatusExecution] 932b6826-9b40-4c38-9f9b-93e392238ba8 [2026-05-12T06:41:20.180802] > cds-serve (STDOUT, APP/PROC/WEB)#
#2026 05 12 06:41:22.215#Z#DEBUG#55b8e0e6-4dcd-11f1-8c96-eeee0a988d4c.app_visitas-srv#flowable-async-job-executor-thread-43627#
[PollStartAppStatusExecution] 932b6826-9b40-4c38-9f9b-93e392238ba8 [2026-05-12T06:41:20.490541] {"level":"info","logger":"cds","timestamp":"2026-05-12T06:41:20.488Z","layer":"cds","component_type":"application","container_id":"10.32.1.5","component_id":"932b6826-9b40-4c38-9f9b-93e392238ba8","component_name":"app_visitas-srv","component_instance":0,"source_instance":0,"organization_name":"361a1e92trial","organization_id":"60df8de8-9148-44a1-b194-0f58f4a27f03","space_name":"dev","space_id":"64e89d59-7a69-4004-9049-1cc29af9b446","msg":"loaded model from 1 file(s):\n ","type":"log"} (STDOUT, APP/PROC/WEB)#
#2026 05 12 06:41:22.215#Z#DEBUG#55b8e0e6-4dcd-11f1-8c96-eeee0a988d4c.app_visitas-srv#flowable-async-job-executor-thread-43627#
[PollStartAppStatusExecution] 932b6826-9b40-4c38-9f9b-93e392238ba8 [2026-05-12T06:41:20.491038] srv/csn.json (STDOUT, APP/PROC/WEB)#
#2026 05 12 06:41:22.215#Z#DEBUG#55b8e0e6-4dcd-11f1-8c96-eeee0a988d4c.app_visitas-srv#flowable-async-job-executor-thread-43627#
[PollStartAppStatusExecution] 932b6826-9b40-4c38-9f9b-93e392238ba8 [2026-05-12T06:41:20.769441] {"level":"info","logger":"cds","timestamp":"2026-05-12T06:41:20.768Z","layer":"cds","component_type":"application","container_id":"10.32.1.5","component_id":"932b6826-9b40-4c38-9f9b-93e392238ba8","component_name":"app_visitas-srv","component_instance":0,"source_instance":0,"organization_name":"361a1e92trial","organization_id":"60df8de8-9148-44a1-b194-0f58f4a27f03","space_name":"dev","space_id":"64e89d59-7a69-4004-9049-1cc29af9b446","msg":"connect to db > hana {\n  url: 'jdbc:sap://ef8b9e7a-e1ab-4f5a-8c53-14a9500c342b.hna1.prod-us10.hanacloud.ondemand.com:443?encrypt=true&validateCertificate=true&currentschema=14AF1AF15C8F4CF3BC756C708C7DDEBD',\n  database_id: 'ef8b9e7a-e1ab-4f5a-8c53-14a9500c342b',\n  host: 'ef8b9e7a-e1ab-4f5a-8c53-14a9500c342b.hna1.prod-us10.hanacloud.ondemand.com',\n  port: '443',\n  driver: 'com.sap.db.jdbc.Driver',\n  schema: '14AF1AF15C8F4CF3BC756C708C7DDEBD',\n  certificate: '...',\n  hdi_user: '14AF1AF15C8F4CF3BC756C708C7DDEBD_7TS44FS7KK7PH1RSI1SZU6SBI_DT',\n  hdi_password: '...',\n  user: '14AF1AF15C8F4CF3BC756C708C7DDEBD_7TS44FS7KK7PH1RSI1SZU6SBI_RT',\n  password: '...'\n}","type":"log"} (STDOUT, APP/PROC/WEB)#
#2026 05 12 06:41:22.215#Z#DEBUG#55b8e0e6-4dcd-11f1-8c96-eeee0a988d4c.app_visitas-srv#flowable-async-job-executor-thread-43627#
[PollStartAppStatusExecution] 932b6826-9b40-4c38-9f9b-93e392238ba8 [2026-05-12T06:41:20.780265] {"level":"info","logger":"cds","timestamp":"2026-05-12T06:41:20.779Z","layer":"cds","component_type":"application","container_id":"10.32.1.5","component_id":"932b6826-9b40-4c38-9f9b-93e392238ba8","component_name":"app_visitas-srv","component_instance":0,"source_instance":0,"organization_name":"361a1e92trial","organization_id":"60df8de8-9148-44a1-b194-0f58f4a27f03","space_name":"dev","space_id":"64e89d59-7a69-4004-9049-1cc29af9b446","msg":"server listening on { url: 'http://localhost:8080' }","type":"log"} (STDOUT, APP/PROC/WEB)#
#2026 05 12 06:41:22.215#Z#DEBUG#55b8e0e6-4dcd-11f1-8c96-eeee0a988d4c.app_visitas-srv#flowable-async-job-executor-thread-43627#
[PollStartAppStatusExecution] 932b6826-9b40-4c38-9f9b-93e392238ba8 [2026-05-12T06:41:20.781645] {"level":"info","logger":"cds","timestamp":"2026-05-12T06:41:20.781Z","layer":"cds","component_type":"application","container_id":"10.32.1.5","component_id":"932b6826-9b40-4c38-9f9b-93e392238ba8","component_name":"app_visitas-srv","component_instance":0,"source_instance":0,"organization_name":"361a1e92trial","organization_id":"60df8de8-9148-44a1-b194-0f58f4a27f03","space_name":"dev","space_id":"64e89d59-7a69-4004-9049-1cc29af9b446","msg":"server v9.9.1 launched in 588 ms","type":"log"} (STDOUT, APP/PROC/WEB)#
#2026 05 12 06:41:32.381#Z#DEBUG#55b8e0e6-4dcd-11f1-8c96-eeee0a988d4c.app_visitas-srv#flowable-async-job-executor-thread-43634#
[PollStartAppStatusExecution] 932b6826-9b40-4c38-9f9b-93e392238ba8 [2026-05-12T06:41:23.909356] Container became healthy (STDOUT, CELL)#
#2026 05 12 06:41:32.381#Z#DEBUG#55b8e0e6-4dcd-11f1-8c96-eeee0a988d4c.app_visitas-srv#flowable-async-job-executor-thread-43634#
[PollStartAppStatusExecution] 932b6826-9b40-4c38-9f9b-93e392238ba8 [2026-05-12T06:41:23.935140] Process became ready with guid 932b6826-9b40-4c38-9f9b-93e392238ba8 payload: {"instance"=>"c49d05e7-0573-490a-656c-79b8", "index"=>0, "cell_id"=>"d1cc041a-d5a1-41d6-b9f6-6cda736ce3f0", "ready"=>true, "version"=>"78d30602-bba2-41f1-98d8-17d4399990ba"} (STDOUT, API)#
